<?xml version="1.0" encoding="UTF-8"?>
<testng-results ignored="0" total="1" passed="1" failed="0" skipped="0">
  <reporter-output>
  </reporter-output>
  <suite started-at="2023-12-01T07:29:58 IST" name="Default suite" finished-at="2023-12-01T07:30:03 IST" duration-ms="5466">
    <groups>
    </groups>
    <test started-at="2023-12-01T07:29:58 IST" name="Default test" finished-at="2023-12-01T07:30:03 IST" duration-ms="5466">
      <class name="testcases.Newtest">
        <test-method signature="login()[pri:0, instance:testcases.Newtest@5fdcaa40]" started-at="2023-12-01T07:29:58 IST" name="login" finished-at="2023-12-01T07:30:03 IST" duration-ms="5424" status="PASS">
          <reporter-output>
          </reporter-output>
        </test-method> <!-- login -->
      </class> <!-- testcases.Newtest -->
    </test> <!-- Default test -->
  </suite> <!-- Default suite -->
</testng-results>
